make all --print-data-base --no-builtin-variables --no-builtin-rules --question
# GNU Make 4.3
 
# Built for x86_64-redhat-linux-gnu
 
# Copyright (C) 1988-2020 Free Software Foundation, Inc.
 
# License GPLv3+: GNU GPL version 3 or later <http://gnu.org/licenses/gpl.html>
 
# This is free software: you are free to change and redistribute it.
 
# There is NO WARRANTY, to the extent permitted by law.
 

 
# Make data base, printed on Tue May 31 10:47:35 2022
 

# Variables

# makefile (from 'Makefile', line 2)
PROJ_NAME = api-v3
# environment
LC_ALL = C
# environment
PGHOST = localhost
# environment
SELINUX_USE_CURRENT_RANGE = 
# environment
VSCODE_CWD = /home/meow
# environment
LESS_TERMCAP_me = [0m
# default
MAKE_COMMAND := make
# environment
VSCODE_HANDLES_SIGPIPE = true
# automatic
@D = $(patsubst %/,%,$(dir $@))
# environment
VSCODE_HANDLES_UNCAUGHT_ERRORS = true
# default
.VARIABLES := 
# environment
PWD = /home/meow/api-v3
# makefile (from 'common-mk/Makefile', line 10)
HOST = 100.87.78.60
# automatic
%D = $(patsubst %/,%,$(dir $%))
# environment
HOSTNAME = Rootspring
# environment
MAIL = /var/spool/mail/meow
# environment
OLDPWD = /home/meow
# automatic
^D = $(patsubst %/,%,$(dir $^))
# environment
VSCODE_LOG_STACK = false
# automatic
%F = $(notdir $%)
# environment
LANG = C
# default
.LOADED := 
# environment
LESS_TERMCAP_md = [01;31m
# default
.INCLUDE_DIRS = /usr/include /usr/local/include /usr/include
# makefile
MAKEFLAGS = pqrR
# environment
LESS_TERMCAP_so = [00;47;30m
# makefile
CURDIR := /home/meow/api-v3
# environment
VSCODE_PIPE_LOGGING = true
# environment
APPLICATION_INSIGHTS_NO_DIAGNOSTIC_CHANNEL = true
# environment
LESSOPEN = | /usr/bin/env lesspipe.sh %s 2>&-
# makefile (from 'common-mk/Makefile', line 3)
RUSTFLAGS_LOCAL = "-C target-cpu=native $(RUSTFLAGS) -C link-arg=-fuse-ld=lld"
# automatic
*D = $(patsubst %/,%,$(dir $*))
# environment
LESS_TERMCAP_ue = [0m
# environment
MFLAGS = -pqrR
# default
.SHELLFLAGS := -c
# environment
HISTSIZE = 10000
# automatic
+D = $(patsubst %/,%,$(dir $+))
# makefile (from 'common-mk/Makefile', line 1)
MAKEFILE_LIST := Makefile common-mk/Makefile
# automatic
@F = $(notdir $@)
# environment
SELINUX_ROLE_REQUESTED = 
# environment
VSCODE_VERBOSE_LOGGING = true
# environment
XDG_SESSION_TYPE = tty
# automatic
?D = $(patsubst %/,%,$(dir $?))
# automatic
*F = $(notdir $*)
# environment
DBUS_SESSION_BUS_ADDRESS = unix:path=/run/user/1000/bus
# automatic
<D = $(patsubst %/,%,$(dir $<))
# environment
VSCODE_NLS_CONFIG = {"locale":"en","availableLanguages":{}}
# default
MAKE_HOST := x86_64-redhat-linux-gnu
# makefile
SHELL = /bin/sh
# environment
LESS_TERMCAP_us = [01;32m
# default
MAKECMDGOALS := all
# environment
SHLVL = 2
# environment
MAKELEVEL := 0
# default
MAKE = $(MAKE_COMMAND)
# environment
PATH = /home/meow/.vscode-server/bin/c3511e6c69bb39013c4a4b7b9566ec1ca73fc4d5/bin/remote-cli:/home/meow/FatesList/modules/infra/flamepaw:/home/meow/src/go/bin:/home/meow/bin:/usr/local/bin:/usr/local/sbin:/home/meow/.cargo/bin:/usr/bin:/usr/sbin
# environment
LESS_TERMCAP_se = [0m
# default
MAKEFILES := 
# environment
MOTD_SHOWN = pam
# automatic
^F = $(notdir $^)
# environment
VIRTUAL_ENV_DISABLE_PROMPT = 1
# environment
LESS_TERMCAP_mb = [01;31m
# environment
SSH_CLIENT = 100.108.96.128 62504 911
# environment
VSCODE_LOG_NATIVE = false
# automatic
?F = $(notdir $?)
# environment
LS_COLORS = di=34:ln=35:so=32:pi=33:ex=31:bd=36;01:cd=33;01:su=31;40;07:sg=36;40;07:tw=32;40;07:ow=33;40;07:
# automatic
+F = $(notdir $+)
# environment
LESS = -g -i -M -R -S -w -X -z-4
# 'override' directive
GNUMAKEFLAGS := 
# environment
BROWSER = /home/meow/.vscode-server/bin/c3511e6c69bb39013c4a4b7b9566ec1ca73fc4d5/bin/helpers/browser.sh
# makefile (from 'Makefile', line 1)
BIN_NAME = fates
# environment
GREP_COLOR = 37;45
# environment
GREP_COLORS = mt=37;45
# environment
LOGNAME = meow
# makefile
.DEFAULT_GOAL := all
# environment
HISTCONTROL = ignoredups
# environment
EDITOR = nano
# environment
USER = meow
# environment
PGPORT = 1000
# default
MAKE_VERSION := 4.3
# environment
PGDATABASE = fateslist
# environment
PGPASSWORD = oXGBfA81fsuiO0V5iVzt7YNpiNf-OVaoSrBZiGWVFRI
# environment
which_declare = typeset -f
# environment
VSCODE_EXTHOST_WILL_SEND_SOCKET = true
# environment
DEBUGINFOD_URLS = https://debuginfod.fedoraproject.org/ 
# environment
PAGER = less
# environment
VSCODE_AGENT_FOLDER = /home/meow/.vscode-server
# environment
_ = /usr/bin/make
# environment
XDG_RUNTIME_DIR = /run/user/1000
# makefile (from 'common-mk/Makefile', line 5)
CARGO_TARGET_GNU_LINKER = "x86_64-unknown-linux-gnu-gcc"
# environment
VSCODE_IPC_HOOK_CLI = /run/user/1000/vscode-ipc-bcc0f516-e98a-44eb-8bb8-aea528d44863.sock
# environment
VISUAL = nano
# environment
XDG_SESSION_CLASS = user
# environment
VSCODE_AMD_ENTRYPOINT = vs/workbench/api/node/extensionHostProcess
# environment
HOME = /home/meow
# environment
SELINUX_LEVEL_REQUESTED = 
# environment
CYCLONE_TOKEN = NzQ1MjI2MjI1NDU0NDE1OTIz.XzusAQ.iFqKilQ8bDXkEvzS052GO8a1EWc
# environment
XDG_SESSION_ID = 69
# default
.RECIPEPREFIX := 
# automatic
<F = $(notdir $<)
# default
SUFFIXES := 
# makefile (from 'common-mk/Makefile', line 4)
DATABASE_URL = "postgresql://localhost/fateslist"
# environment
PGUSER = fateslist
# default
.FEATURES := target-specific order-only second-expansion else-if shortest-stem undefine oneshell nocomment grouped-target extra-prereqs archives jobserver output-sync check-symlink guile load
# environment
SSH_CONNECTION = 100.108.96.128 62504 100.67.94.49 911
# variable set hash-table stats:
# Load=104/1024=10%, Rehash=0, Collisions=11/142=8%

# Pattern-specific Variable Values

# No pattern-specific variable values.

# Directories

# . (device 64513, inode 649025): 16 files, no impossibilities.

# 16 files, no impossibilities in 1 directories.

# Implicit Rules

# No implicit rules.

# Files

devrun:
#  Implicit rule search has not been done.
#  Modification time never checked.
#  File has not been updated.
#  recipe to execute (from 'common-mk/Makefile', line 17):
	DATABASE_URL=$(DATABASE_URL) RUSTFLAGS=$(RUSTFLAGS_LOCAL) cargo run

cross:
#  Implicit rule search has not been done.
#  Modification time never checked.
#  File has not been updated.
#  recipe to execute (from 'common-mk/Makefile', line 24):
	DATABASE_URL=$(DATABASE_URL) CARGO_TARGET_X86_64_UNKNOWN_LINUX_GNU_LINKER=$(CARGO_TARGET_GNU_LINKER) cargo build --target=x86_64-unknown-linux-gnu --release

# Not a target:
Makefile:
#  Implicit rule search has been done.
#  Last modified 2022-05-28 15:40:37.229532901
#  File has been updated.
#  Successfully updated.

up:
#  Implicit rule search has not been done.
#  Modification time never checked.
#  File has not been updated.
#  recipe to execute (from 'common-mk/Makefile', line 30):
	git submodule foreach git pull

# Not a target:
common-mk/Makefile:
#  Implicit rule search has been done.
#  Last modified 2022-05-28 15:40:57.278291782
#  File has been updated.
#  Successfully updated.

flame:
#  Implicit rule search has not been done.
#  Modification time never checked.
#  File has not been updated.
#  recipe to execute (from 'common-mk/Makefile', line 22):
	RUSTFLAGS=$RUSTFLAGS_LOCAL) DATABASE_URL=$(DATABASE_URL) cargo flamegraph $(CARGOFLAGS) --bin $(BIN_NAME)

push:
#  Implicit rule search has not been done.
#  Modification time never checked.
#  File has not been updated.
#  recipe to execute (from 'common-mk/Makefile', line 26):
	scp -C -P 911 target/x86_64-unknown-linux-gnu/release/$(BIN_NAME) meow@$(HOST):$(PROJ_NAME)/$(BIN_NAME).new

 
# Not a target:
 
.DEFAULT:
#  Implicit rule search has not been done.
#  Modification time never checked.
#  File has not been updated.

dev:
#  Implicit rule search has not been done.
#  Modification time never checked.
#  File has not been updated.
#  recipe to execute (from 'common-mk/Makefile', line 15):
	DATABASE_URL=$(DATABASE_URL) RUSTFLAGS=$(RUSTFLAGS_LOCAL) cargo build

all:
#  Command line target.
#  Implicit rule search has not been done.
#  Implicit/static pattern stem: ''
#  File does not exist.
#  File has been updated.
#  Needs to be updated (-q is set).
# automatic
# @ := all
# automatic
# * := 
# automatic
# < := 
# automatic
# + := 
# automatic
# % := 
# automatic
# ^ := 
# automatic
# ? := 
# automatic
# | := 
# variable set hash-table stats:
 
# Load=8/32=25%, Rehash=0, Collisions=1/11=9%
#  recipe to execute (from 'common-mk/Makefile', line 13):
	@make cross

run:
#  Implicit rule search has not been done.
#  Modification time never checked.
#  File has not been updated.
#  recipe to execute (from 'common-mk/Makefile', line 19):
	-mv -vf fates.new fates # If it exists
	./$(BIN_NAME)

remote:
#  Implicit rule search has not been done.
#  Modification time never checked.
#  File has not been updated.
#  recipe to execute (from 'common-mk/Makefile', line 28):
	ssh meow@$(HOST) -p 911

# Not a target:
.SUFFIXES:
#  Implicit rule search has not been done.
#  Modification time never checked.
#  File has not been updated.

# files hash-table stats:
# Load=13/1024=1%, Rehash=0, Collisions=0/26=0%
# VPATH Search Paths

# No 'vpath' search paths.

# No general ('VPATH' variable) search path.

# strcache buffers: 1 (0) / strings = 30 / storage = 238 B / avg = 7 B
# current buf: size = 8162 B / used = 238 B / count = 30 / avg = 7 B

# strcache performance: lookups = 46 / hit rate = 34%
# hash-table stats:
# Load=30/8192=0%, Rehash=0, Collisions=0/46=0%
# Finished Make data base on Tue May 31 10:47:35 2022

 
